The system is: Linux - 5.8.0-41-generic - x86_64
Compiling the C compiler identification source file "CMakeCCompilerId.c" succeeded.
Compiler: /home/andreas/esp/xtensa-esp32-elf/bin/xtensa-esp32s2-elf-cc 
Build flags: 
Id flags:  

The output was:
0


Compilation of the C compiler identification source "CMakeCCompilerId.c" produced "a.out"

The C compiler identification is GNU, found in "/home/andreas/Desktop/TLU/Algoritmid/algotirmid/cmake-build-debug/CMakeFiles/3.17.5/CompilerIdC/a.out"

Compiling the C compiler identification source file "CMakeCCompilerId.c" succeeded.
Compiler: /home/andreas/esp/xtensa-esp32-elf/bin/xtensa-esp32s2-elf-cc 
Build flags: 
Id flags:  

The output was:
0


Compilation of the C compiler identification source "CMakeCCompilerId.c" produced "a.out"

The C compiler identification is GNU, found in "/home/andreas/Desktop/TLU/Algoritmid/algotirmid/cmake-build-debug/CMakeFiles/3.17.5/CompilerIdC/a.out"

Compiling the C compiler identification source file "CMakeCCompilerId.c" succeeded.
Compiler: /home/andreas/esp/xtensa-esp32-elf/bin/xtensa-esp32s2-elf-cc 
Build flags: 
Id flags:  

The output was:
0


Compilation of the C compiler identification source "CMakeCCompilerId.c" produced "a.out"

The C compiler identification is GNU, found in "/home/andreas/Desktop/TLU/Algoritmid/algotirmid/cmake-build-debug/CMakeFiles/3.17.5/CompilerIdC/a.out"

Compiling the C compiler identification source file "CMakeCCompilerId.c" succeeded.
Compiler: /home/andreas/esp/xtensa-esp32-elf/bin/xtensa-esp32s2-elf-cc 
Build flags: 
Id flags:  

The output was:
0


Compilation of the C compiler identification source "CMakeCCompilerId.c" produced "a.out"

The C compiler identification is GNU, found in "/home/andreas/Desktop/TLU/Algoritmid/algotirmid/cmake-build-debug/CMakeFiles/3.17.5/CompilerIdC/a.out"

Compiling the C compiler identification source file "CMakeCCompilerId.c" succeeded.
Compiler: /home/andreas/esp/xtensa-esp32-elf/bin/xtensa-esp32s2-elf-cc 
Build flags: 
Id flags:  

The output was:
0


Compilation of the C compiler identification source "CMakeCCompilerId.c" produced "a.out"

The C compiler identification is GNU, found in "/home/andreas/Desktop/TLU/Algoritmid/algotirmid/cmake-build-debug/CMakeFiles/3.17.5/CompilerIdC/a.out"

Compiling the C compiler identification source file "CMakeCCompilerId.c" succeeded.
Compiler: /home/andreas/esp/xtensa-esp32-elf/bin/xtensa-esp32s2-elf-cc 
Build flags: 
Id flags:  

The output was:
0


Compilation of the C compiler identification source "CMakeCCompilerId.c" produced "a.out"

The C compiler identification is GNU, found in "/home/andreas/Desktop/TLU/Algoritmid/algotirmid/cmake-build-debug/CMakeFiles/3.17.5/CompilerIdC/a.out"

